build/app/outputs/mapping/release/mapping.txt
# compiler: R8
# compiler_version: 2.2.71
# min_api: 21
# pg_map_id: f6cdd4d
# common_typos_disable
...
com.google.android.gms.internal.ads.zzeef -> com.google.android.gms.internal.ads.r12:
    void zza(java.lang.Object) -> F
    java.lang.Object zzb(java.lang.Object,java.lang.Throwable) -> G
com.google.android.gms.internal.ads.zzeeg -> com.google.android.gms.internal.ads.s12:
    java.lang.Object zzc -> k
    java.lang.Class zzb -> j
    com.google.android.gms.internal.ads.zzefw zza -> i
    void zza(java.lang.Object) -> F
    java.lang.Object zzb(java.lang.Object,java.lang.Throwable) -> G
    java.lang.String zzc() -> i
    void zzd() -> j
com.google.android.gms.internal.ads.zzeeh -> com.google.android.gms.internal.ads.t12:
    com.google.android.gms.internal.ads.zzeeh$zza zzaM -> d
    com.google.android.gms.internal.ads.zzeeh$zzd listeners -> g
    java.lang.Object value -> f
    java.lang.Object zzaN -> e
    com.google.android.gms.internal.ads.zzeeh$zzk waiters -> h
    boolean zzaI -> b
    java.util.logging.Logger zzaL -> c
    java.lang.Object zzw(java.util.concurrent.Future) -> A
    void zzx(com.google.android.gms.internal.ads.zzeeh) -> B
    void zzy(java.lang.StringBuilder) -> C
    void zzz(java.lang.StringBuilder) -> D
    java.lang.Throwable zzk() -> a
    void zze(java.lang.Runnable,java.util.concurrent.Executor) -> b
    void zzA(java.lang.StringBuilder,java.lang.Object) -> c
    void zzB(java.lang.Runnable,java.util.concurrent.Executor) -> d
    java.lang.Object zzC(java.lang.Object) -> e
    void zza(com.google.android.gms.internal.ads.zzeeh$zzk) -> f
    java.lang.Object zzb(com.google.android.gms.internal.ads.zzefw) -> g
    java.lang.String zzc() -> i
    void zzd() -> j
    void zzf() -> k
    boolean zzg() -> l
    boolean zzh(java.lang.Object) -> m
    boolean zzi(java.lang.Throwable) -> n
    boolean zzj(com.google.android.gms.internal.ads.zzefw) -> o
    void zzl(java.util.concurrent.Future) -> p
    com.google.android.gms.internal.ads.zzeeh$zza zzm() -> q
    boolean zzn() -> r
    java.lang.Object zzo(com.google.android.gms.internal.ads.zzeeh) -> s
com.google.android.gms.internal.ads.zzeeh$1 -> com.google.android.gms.internal.ads.t12$a:
com.google.android.gms.internal.ads.zzeeh$zza -> com.google.android.gms.internal.ads.u12:
    void zza(com.google.android.gms.internal.ads.zzeeh$zzk,java.lang.Thread) -> a
    void zzb(com.google.android.gms.internal.ads.zzeeh$zzk,com.google.android.gms.internal.ads.zzeeh$zzk) -> b
    boolean zzc(com.google.android.gms.internal.ads.zzeeh,com.google.android.gms.internal.ads.zzeeh$zzk,com.google.android.gms.internal.ads.zzeeh$zzk) -> c
    boolean zzd(com.google.android.gms.internal.ads.zzeeh,com.google.android.gms.internal.ads.zzeeh$zzd,com.google.android.gms.internal.ads.zzeeh$zzd) -> d
    boolean zze(com.google.android.gms.internal.ads.zzeeh,java.lang.Object,java.lang.Object) -> e
com.google.android.gms.internal.ads.zzeeh$zzb -> com.google.android.gms.internal.ads.v12:
    com.google.android.gms.internal.ads.zzeeh$zzb zza -> a
    java.lang.Throwable zzd -> d
    com.google.android.gms.internal.ads.zzeeh$zzb zzb -> b
    boolean zzc -> c
com.google.android.gms.internal.ads.zzeeh$zzc -> com.google.android.gms.internal.ads.w12:
    com.google.android.gms.internal.ads.zzeeh$zzc zza -> a
    java.lang.Throwable zzb -> b
com.google.android.gms.internal.ads.zzeeh$zzc$1 -> com.google.android.gms.internal.ads.w12$a:
com.google.android.gms.internal.ads.zzeeh$zzd -> com.google.android.gms.internal.ads.x12:
    java.lang.Runnable zzb -> b
    com.google.android.gms.internal.ads.zzeeh$zzd next -> d
    java.util.concurrent.Executor zzc -> c
    com.google.android.gms.internal.ads.zzeeh$zzd zza -> a